Building DAG of jobs...
Using shell: /usr/bin/bash
Provided cores: 4
Rules claiming more threads will be scaled down.
Job stats:
job                count    min threads    max threads
---------------  -------  -------------  -------------
all                    1              1              1
run_orthofinder        1              1              1
total                  2              1              1

Select jobs to execute...

[Wed Feb  1 15:42:45 2023]
rule run_orthofinder:
    input: data/proteomes
    output: results/OrthoFinder
    jobid: 1
    reason: Missing output files: results/OrthoFinder
    resources: tmpdir=/tmp

Activating singularity image singularity/container.sif
[Wed Feb  1 15:42:56 2023]
Finished job 1.
1 of 2 steps (50%) done
Select jobs to execute...

[Wed Feb  1 15:42:56 2023]
localrule all:
    input: results/OrthoFinder
    jobid: 0
    reason: Input files updated by another job: results/OrthoFinder
    resources: tmpdir=/tmp

[Wed Feb  1 15:42:56 2023]
Finished job 0.
2 of 2 steps (100%) done
Complete log: workflow/.snakemake/log/2023-02-01T154245.170922.snakemake.log
