Building DAG of jobs...
Using shell: /usr/bin/bash
Provided cores: 4
Rules claiming more threads will be scaled down.
Job stats:
job                            count    min threads    max threads
---------------------------  -------  -------------  -------------
all                                1              1              1
get_single_copy_orthogroups        1              1              1
total                              2              1              1

Select jobs to execute...

[Wed Feb  1 15:59:41 2023]
rule get_single_copy_orthogroups:
    input: results/OrthoFinder
    output: results/single_copy_orthogroups.csv, resources/orthogroups_for_hmmscan
    jobid: 1
    reason: Missing output files: results/single_copy_orthogroups.csv
    resources: tmpdir=/tmp

Activating singularity image singularity/container.sif
[Wed Feb  1 15:59:41 2023]
Error in rule get_single_copy_orthogroups:
    jobid: 1
    input: results/OrthoFinder
    output: results/single_copy_orthogroups.csv, resources/orthogroups_for_hmmscan
    shell:
        
		Rscript workflow/scripts/get_single_copy_orthogroups.R results/OrthoFinder E_brev results/single_copy_orthogroups.csv resources/orthogroups_for_hmmscan
		
        (one of the commands exited with non-zero exit code; note that snakemake uses bash strict mode!)

Shutting down, this might take some time.
Exiting because a job execution failed. Look above for error message
Complete log: workflow/.snakemake/log/2023-02-01T155940.915495.snakemake.log
